12:57:12.876 [main                     ] DEBUG Logger               - Configured Logger
12:57:12.882 [main                     ] DEBUG GameApplication      - Logging settings
Title: Shooter
Version: 0.1
Width: 1280
Height: 720
Fullscreen: true
Intro: false
Profiling: false
Single step:false
App Mode: DEVELOPER
Menu Key: ESCAPE
Stage Style: DECORATED
Scene Factory: class com.aen.spaceship_fights.MySceneFactory

12:57:13.709 [JavaFX Application Thread] DEBUG FXGLApplication      - Initializing FXGL
12:57:13.712 [JavaFX Application Thread] INFO  Engine               - FXGL-21.1 (27.03.2024 07.52) on WINDOWS (J:24 FX:22.0.1)
12:57:13.712 [JavaFX Application Thread] DEBUG Engine               - JRE Vendor Name: Oracle Corporation
12:57:13.713 [JavaFX Application Thread] DEBUG Engine               - Running on OS: Windows 11 version 10.0
12:57:13.713 [JavaFX Application Thread] DEBUG Engine               - Architecture: amd64
12:57:13.713 [JavaFX Application Thread] INFO  Engine               - Source code and latest versions at: https://github.com/AlmasB/FXGL
12:57:13.713 [JavaFX Application Thread] INFO  Engine               -       Ask questions and discuss at: https://github.com/AlmasB/FXGL/discussions
12:57:13.713 [JavaFX Application Thread] INFO  Engine               -              Join the FXGL chat at: https://gitter.im/AlmasB/FXGL
12:57:13.829 [JavaFX Application Thread] DEBUG PrimaryStageWindow   - Creating a JavaFX scene
12:57:13.879 [JavaFX Application Thread] DEBUG PrimaryStageWindow   - Target settings size: 1280.0 x 720.0
12:57:13.880 [JavaFX Application Thread] DEBUG PrimaryStageWindow   - Scaled scene size:    1280.0 x 720.0
12:57:13.880 [JavaFX Application Thread] DEBUG PrimaryStageWindow   - Scaled ratio: (1.0, 1.0)
12:57:13.881 [JavaFX Application Thread] DEBUG PrimaryStageWindow   - Set initial scene to FXGLStartupScene
12:57:13.892 [JavaFX Application Thread] DEBUG PrimaryStageWindow   - Opening main window
12:57:14.294 [JavaFX Application Thread] DEBUG PrimaryStageWindow   - Window border size: (14.4000244140625, 37.5999755859375)
12:57:14.294 [JavaFX Application Thread] DEBUG PrimaryStageWindow   - Scaled size: 1280.0 x 720.0
12:57:14.295 [JavaFX Application Thread] DEBUG PrimaryStageWindow   - Scaled ratio: (1.0, 1.0)
12:57:14.295 [JavaFX Application Thread] DEBUG PrimaryStageWindow   - Scene size: 1280.0 x 720.0
12:57:14.295 [JavaFX Application Thread] DEBUG PrimaryStageWindow   - Stage size: 1294.4000244140625 x 757.5999755859375
12:57:14.302 [FXGL Background Thread 1 ] DEBUG Engine               - Initializing environment variables
12:57:14.363 [FXGL Background Thread 1 ] DEBUG FXGLAssetLoaderServi - User app class for loading assets: class com.aen.spaceship_fights.SpaceShipFightsApp
12:57:14.363 [FXGL Background Thread 1 ] DEBUG GameApplicationServi - Applying CSS: fxgl_dark.css
12:57:14.364 [FXGL Background Thread 1 ] DEBUG FXGLAssetLoaderServi - Loading from file system: jar:file:/C:/Users/hp/.m2/repository/com/github/almasb/fxgl/21.1/fxgl-21.1.jar!/fxglassets/ui/css/fxgl_dark.css
12:57:14.432 [FXGL Background Thread 1 ] DEBUG GameApplicationServi - Initializing application scenes
12:57:14.481 [FXGL Background Thread 1 ] DEBUG GameWorld            - Game world initialized
12:57:14.566 [FXGL Background Thread 1 ] DEBUG PhysicsWorld         - Physics world initialized: appHeight=720, physics.ppm=50,0
12:57:14.566 [FXGL Background Thread 1 ] DEBUG PhysicsWorld         - Using strategy: BRUTE_FORCE
12:57:14.572 [FXGL Background Thread 1 ] DEBUG GameScene            - Game scene initialized: 1280x720
12:57:14.705 [FXGL Background Thread 1 ] DEBUG GameApplicationServi - Application scenes initialized
12:57:14.715 [FXGL Background Thread 1 ] DEBUG SystemBundleService  - Loading FXGL system data
12:57:14.717 [FXGL Background Thread 1 ] DEBUG FileSystemAccess     - Reading from: C:\Users\hp\Desktop\Java_game\system\fxgl.bundle
12:57:14.719 [FXGL Background Thread 1 ] DEBUG SystemBundleService  - Bundle FXGL: {}
12:57:14.719 [FXGL Background Thread 1 ] DEBUG UpdaterService       - Checking for updates
12:57:14.723 [FXGL Background Thread 4 ] DEBUG FXGLApplication      - Loading fonts
12:57:14.723 [FXGL Background Thread 4 ] DEBUG FXGLAssetLoaderServi - Loading from file system: jar:file:/C:/Users/hp/.m2/repository/com/github/almasb/fxgl/21.1/fxgl-21.1.jar!/fxglassets/ui/fonts/VarelaRound-Regular.ttf
12:57:14.724 [FXGL Background Thread 1 ] DEBUG FXGLApplication      - Loading default localization
12:57:14.725 [FXGL Background Thread 1 ] DEBUG FXGLAssetLoaderServi - Loading from file system: jar:file:/C:/Users/hp/.m2/repository/com/github/almasb/fxgl/21.1/fxgl-21.1.jar!/fxglassets/languages/english.lang
12:57:14.739 [FXGL Background Thread 4 ] DEBUG FXGLAssetLoaderServi - Loading from file system: jar:file:/C:/Users/hp/.m2/repository/com/github/almasb/fxgl/21.1/fxgl-21.1.jar!/fxglassets/ui/fonts/Abel-Regular.ttf
12:57:14.748 [FXGL Background Thread 1 ] INFO  FXGLApplication      - FXGL initialization took: 0,446 sec
12:57:14.756 [FXGL Background Thread 4 ] DEBUG FXGLAssetLoaderServi - Loading from file system: jar:file:/C:/Users/hp/.m2/repository/com/github/almasb/fxgl/21.1/fxgl-21.1.jar!/fxglassets/ui/fonts/TerminalLandMono-Regular.otf
12:57:14.762 [JavaFX Application Thread] DEBUG Input                - Registered new binding: action0 - A
12:57:14.762 [JavaFX Application Thread] DEBUG Input                - Registered new binding: action1 - D
12:57:14.763 [JavaFX Application Thread] DEBUG Input                - Registered new binding: action2 - W
12:57:14.764 [JavaFX Application Thread] DEBUG Input                - Registered new binding: action3 - F
12:57:14.764 [JavaFX Application Thread] DEBUG Input                - Registered new binding: action4 - P
12:57:14.764 [JavaFX Application Thread] DEBUG Input                - Registered new binding: action5 - R
12:57:14.765 [JavaFX Application Thread] DEBUG Input                - Registered new binding: action6 - M
12:57:14.765 [JavaFX Application Thread] DEBUG FXGLAssetLoaderServi - Loading from file system: jar:file:/C:/Users/hp/.m2/repository/com/github/almasb/fxgl/21.1/fxgl-21.1.jar!/fxglassets/textures/fxgl_icon.png
12:57:14.773 [FXGL Background Thread 4 ] DEBUG FXGLAssetLoaderServi - Loading from file system: jar:file:/C:/Users/hp/.m2/repository/com/github/almasb/fxgl/21.1/fxgl-21.1.jar!/fxglassets/ui/fonts/Courier-Prime.ttf
12:57:14.828 [JavaFX Application Thread] DEBUG FXGLAssetLoaderServi - Loading from file system: jar:file:/C:/Users/hp/.m2/repository/com/github/almasb/fxgl/21.1/fxgl-21.1.jar!/fxglassets/textures/fxgl_default_cursor.png
12:57:14.832 [JavaFX Application Thread] DEBUG Input                - Registered new binding: Screenshot - CTRL+8
12:57:14.832 [JavaFX Application Thread] DEBUG Input                - Registered new binding: System info dump - CTRL+9
12:57:14.834 [JavaFX Application Thread] DEBUG Input                - Registered new binding: Restart - CTRL+R
12:57:14.834 [JavaFX Application Thread] DEBUG Input                - Registered new binding: Toggle Debug Camera - CTRL+7
12:57:14.838 [JavaFX Application Thread] DEBUG LoopRunner           - Starting loop
12:57:14.838 [JavaFX Application Thread] DEBUG LoopRunner           - Initializing JavaFX AnimationTimerLoop
12:57:14.843 [JavaFX Application Thread] DEBUG Input                - Clearing active input actions
12:57:14.855 [JavaFX Application Thread] DEBUG GameApplicationServi - Removing overlay from FXGLStartupScene and adding to FXGLMainMenuDummyScene
12:57:14.856 [JavaFX Application Thread] DEBUG PrimaryStageWindow   - FXGLStartupScene -> FXGLMainMenuDummyScene
12:57:14.856 [JavaFX Application Thread] DEBUG PrimaryStageWindow   - Push state: MainMenu
12:57:14.857 [JavaFX Application Thread] DEBUG Input                - Clearing active input actions
12:57:14.873 [JavaFX Application Thread] DEBUG GameApplicationServi - Removing overlay from FXGLMainMenuDummyScene and adding to MainMenu
12:57:14.873 [JavaFX Application Thread] DEBUG PrimaryStageWindow   - FXGLMainMenuDummyScene -> MainMenu
12:57:14.874 [JavaFX Application Thread] DEBUG FXGLApplication      - Registering font factories with UI factory
12:57:17.722 [FXGL Background Thread 3 ] DEBUG Engine               - Logging environment variables
12:57:17.722 [FXGL Background Thread 3 ] DEBUG Engine               - achievements: []
12:57:17.722 [FXGL Background Thread 3 ] DEBUG Engine               - actualHeight: 720.0
12:57:17.722 [FXGL Background Thread 3 ] DEBUG Engine               - actualHeightProperty: ReadOnlyDoubleProperty [value: 720.0]
12:57:17.722 [FXGL Background Thread 3 ] DEBUG Engine               - actualWidth: 1280.0
12:57:17.722 [FXGL Background Thread 3 ] DEBUG Engine               - actualWidthProperty: ReadOnlyDoubleProperty [value: 1280.0]
12:57:17.722 [FXGL Background Thread 3 ] DEBUG Engine               - appIcon: fxgl_icon.png
12:57:17.722 [FXGL Background Thread 3 ] DEBUG Engine               - applicationMode: DEVELOPER
12:57:17.722 [FXGL Background Thread 3 ] DEBUG Engine               - cSSList: [fxgl_dark.css]
12:57:17.722 [FXGL Background Thread 3 ] DEBUG Engine               - collisionDetectionStrategy: BRUTE_FORCE
12:57:17.722 [FXGL Background Thread 3 ] DEBUG Engine               - configClass: Optional.empty
12:57:17.723 [FXGL Background Thread 3 ] DEBUG Engine               - credits: [Nyirenda Amos, Ouedraogo Luther Arthur, Magne Lidivine Merveille]
12:57:17.724 [FXGL Background Thread 3 ] DEBUG Engine               - defaultCursor: CursorInfo(imageName=fxgl_default_cursor.png, hotspotX=7.0, hotspotY=6.0)
12:57:17.724 [FXGL Background Thread 3 ] DEBUG Engine               - devBBoxColorProperty: ObjectProperty [value: 0xff0000ff]
12:57:17.724 [FXGL Background Thread 3 ] DEBUG Engine               - devEnableDebugCameraProperty: BooleanProperty [value: false]
12:57:17.724 [FXGL Background Thread 3 ] DEBUG Engine               - devSensorColorProperty: ObjectProperty [value: 0xffff00ff]
12:57:17.724 [FXGL Background Thread 3 ] DEBUG Engine               - devShowBBoxProperty: BooleanProperty [value: false]
12:57:17.724 [FXGL Background Thread 3 ] DEBUG Engine               - devShowPositionProperty: BooleanProperty [value: false]
12:57:17.724 [FXGL Background Thread 3 ] DEBUG Engine               - enabledMenuItems: []
12:57:17.724 [FXGL Background Thread 3 ] DEBUG Engine               - engineServices: [class com.almasb.fxgl.app.services.FXGLAssetLoaderService, class com.almasb.fxgl.app.FXGLApplication$GameApplicationService, class com.almasb.fxgl.app.services.FXGLDialogService, class com.almasb.fxgl.app.services.IOTaskExecutorService, class com.almasb.fxgl.io.FileSystemService, class com.almasb.fxgl.localization.LocalizationService, class com.almasb.fxgl.app.services.SystemBundleService, class com.almasb.fxgl.profile.SaveLoadService, class com.almasb.fxgl.ui.FXGLUIFactoryServiceProvider, class com.almasb.fxgl.ui.FXGLDialogFactoryServiceProvider, class com.almasb.fxgl.audio.AudioPlayer, class com.almasb.fxgl.notification.impl.NotificationServiceProvider, class com.almasb.fxgl.achievement.AchievementService, class com.almasb.fxgl.cutscene.CutsceneService, class com.almasb.fxgl.minigames.MiniGameService, class com.almasb.fxgl.net.NetService, class com.almasb.fxgl.app.services.UpdaterService, class com.almasb.fxgl.dev.DevService]
12:57:17.724 [FXGL Background Thread 3 ] DEBUG Engine               - fontGame: Abel-Regular.ttf
12:57:17.724 [FXGL Background Thread 3 ] DEBUG Engine               - fontMono: TerminalLandMono-Regular.otf
12:57:17.724 [FXGL Background Thread 3 ] DEBUG Engine               - fontSizeScaleUI: 1.0
12:57:17.724 [FXGL Background Thread 3 ] DEBUG Engine               - fontText: Courier-Prime.ttf
12:57:17.725 [FXGL Background Thread 3 ] DEBUG Engine               - fontUI: VarelaRound-Regular.ttf
12:57:17.725 [FXGL Background Thread 3 ] DEBUG Engine               - fullScreen: BooleanProperty [value: false]
12:57:17.725 [FXGL Background Thread 3 ] DEBUG Engine               - gameDifficulty: MEDIUM
12:57:17.725 [FXGL Background Thread 3 ] DEBUG Engine               - gameDifficultyProperty: ObjectProperty [value: MEDIUM]
12:57:17.725 [FXGL Background Thread 3 ] DEBUG Engine               - globalMusicVolume: 0.5
12:57:17.725 [FXGL Background Thread 3 ] DEBUG Engine               - globalMusicVolumeProperty: DoubleProperty [value: 0.5]
12:57:17.725 [FXGL Background Thread 3 ] DEBUG Engine               - globalSoundVolume: 0.5
12:57:17.725 [FXGL Background Thread 3 ] DEBUG Engine               - globalSoundVolumeProperty: DoubleProperty [value: 0.5]
12:57:17.725 [FXGL Background Thread 3 ] DEBUG Engine               - height: 720
12:57:17.725 [FXGL Background Thread 3 ] DEBUG Engine               - is3D: false
12:57:17.725 [FXGL Background Thread 3 ] DEBUG Engine               - isAndroid: false
12:57:17.725 [FXGL Background Thread 3 ] DEBUG Engine               - isBrowser: false
12:57:17.725 [FXGL Background Thread 3 ] DEBUG Engine               - isClickFeedbackEnabled: false
12:57:17.725 [FXGL Background Thread 3 ] DEBUG Engine               - isCloseConfirmation: false
12:57:17.725 [FXGL Background Thread 3 ] DEBUG Engine               - isDesktop: true
12:57:17.725 [FXGL Background Thread 3 ] DEBUG Engine               - isDeveloperMenuEnabled: false
12:57:17.725 [FXGL Background Thread 3 ] DEBUG Engine               - isEmbedded: false
12:57:17.725 [FXGL Background Thread 3 ] DEBUG Engine               - isEntityPreloadEnabled: true
12:57:17.725 [FXGL Background Thread 3 ] DEBUG Engine               - isExperimentalTiledLargeMap: false
12:57:17.725 [FXGL Background Thread 3 ] DEBUG Engine               - isFileSystemWriteAllowed: true
12:57:17.725 [FXGL Background Thread 3 ] DEBUG Engine               - isFullScreenAllowed: true
12:57:17.725 [FXGL Background Thread 3 ] DEBUG Engine               - isFullScreenFromStart: false
12:57:17.725 [FXGL Background Thread 3 ] DEBUG Engine               - isGameMenuEnabled: true
12:57:17.725 [FXGL Background Thread 3 ] DEBUG Engine               - isIOS: false
12:57:17.725 [FXGL Background Thread 3 ] DEBUG Engine               - isIntroEnabled: false
12:57:17.725 [FXGL Background Thread 3 ] DEBUG Engine               - isLinux: false
12:57:17.725 [FXGL Background Thread 3 ] DEBUG Engine               - isMac: false
12:57:17.726 [FXGL Background Thread 3 ] DEBUG Engine               - isMainMenuEnabled: true
12:57:17.726 [FXGL Background Thread 3 ] DEBUG Engine               - isManualResizeEnabled: false
12:57:17.726 [FXGL Background Thread 3 ] DEBUG Engine               - isMobile: false
12:57:17.726 [FXGL Background Thread 3 ] DEBUG Engine               - isNative: false
12:57:17.726 [FXGL Background Thread 3 ] DEBUG Engine               - isPauseMusicWhenMinimized: true
12:57:17.726 [FXGL Background Thread 3 ] DEBUG Engine               - isPreserveResizeRatio: false
12:57:17.726 [FXGL Background Thread 3 ] DEBUG Engine               - isProfilingEnabled: false
12:57:17.726 [FXGL Background Thread 3 ] DEBUG Engine               - isScaleAffectedOnResize: true
12:57:17.726 [FXGL Background Thread 3 ] DEBUG Engine               - isSingleStep: false
12:57:17.726 [FXGL Background Thread 3 ] DEBUG Engine               - isUserProfileEnabled: false
12:57:17.726 [FXGL Background Thread 3 ] DEBUG Engine               - isWindows: true
12:57:17.726 [FXGL Background Thread 3 ] DEBUG Engine               - language: ObjectProperty [value: ENGLISH]
12:57:17.726 [FXGL Background Thread 3 ] DEBUG Engine               - menuKey: ESCAPE
12:57:17.726 [FXGL Background Thread 3 ] DEBUG Engine               - mouseSensitivity: 0.2
12:57:17.726 [FXGL Background Thread 3 ] DEBUG Engine               - notificationViewClass: class com.almasb.fxgl.notification.view.XboxNotificationView
12:57:17.726 [FXGL Background Thread 3 ] DEBUG Engine               - pixelsPerMeter: 50.0
12:57:17.726 [FXGL Background Thread 3 ] DEBUG Engine               - platform: WINDOWS
12:57:17.726 [FXGL Background Thread 3 ] DEBUG Engine               - prefHeightProperty: ReadOnlyDoubleProperty [value: 720.0]
12:57:17.726 [FXGL Background Thread 3 ] DEBUG Engine               - prefWidthProperty: ReadOnlyDoubleProperty [value: 1280.0]
12:57:17.726 [FXGL Background Thread 3 ] DEBUG Engine               - profileDir: profiles/
12:57:17.726 [FXGL Background Thread 3 ] DEBUG Engine               - profileName: StringProperty [value: DEFAULT]
12:57:17.726 [FXGL Background Thread 3 ] DEBUG Engine               - randomSeed: -1
12:57:17.726 [FXGL Background Thread 3 ] DEBUG Engine               - runtimeInfo: RuntimeInfo(platform=WINDOWS, version=21.1, build=27.03.2024 07.52)
12:57:17.727 [FXGL Background Thread 3 ] DEBUG Engine               - saveFileExt: sav
12:57:17.727 [FXGL Background Thread 3 ] DEBUG Engine               - scaledHeightProp$fxgl: DoubleProperty [bound, value: 720.0]
12:57:17.727 [FXGL Background Thread 3 ] DEBUG Engine               - scaledWidthProp$fxgl: DoubleProperty [bound, value: 1280.0]
12:57:17.727 [FXGL Background Thread 3 ] DEBUG Engine               - sceneFactory: com.aen.spaceship_fights.MySceneFactory@66050a89
12:57:17.727 [FXGL Background Thread 3 ] DEBUG Engine               - secondsIn24h: 60
12:57:17.727 [FXGL Background Thread 3 ] DEBUG Engine               - soundMenuBack: menu/back.wav
12:57:17.727 [FXGL Background Thread 3 ] DEBUG Engine               - soundMenuPress: menu/press.wav
12:57:17.727 [FXGL Background Thread 3 ] DEBUG Engine               - soundMenuSelect: menu/select.wav
12:57:17.727 [FXGL Background Thread 3 ] DEBUG Engine               - soundNotification: core/notification.wav
12:57:17.727 [FXGL Background Thread 3 ] DEBUG Engine               - stageStyle: DECORATED
12:57:17.727 [FXGL Background Thread 3 ] DEBUG Engine               - supportedLanguages: [ENGLISH, FRENCH, GERMAN, HUNGARIAN, RUSSIAN]
12:57:17.727 [FXGL Background Thread 3 ] DEBUG Engine               - ticksPerSecond: -1
12:57:17.727 [FXGL Background Thread 3 ] DEBUG Engine               - title: Shooter
12:57:17.727 [FXGL Background Thread 3 ] DEBUG Engine               - urlGithub: https://github.com/AlmasB/FXGL
12:57:17.727 [FXGL Background Thread 3 ] DEBUG Engine               - urlLeaderboard: http://fxgl-top.herokuapp.com/
12:57:17.727 [FXGL Background Thread 3 ] DEBUG Engine               - urlPOM: https://raw.githubusercontent.com/AlmasB/FXGL/release/README.md
12:57:17.727 [FXGL Background Thread 3 ] DEBUG Engine               - userAppClass: class com.aen.spaceship_fights.SpaceShipFightsApp
12:57:17.727 [FXGL Background Thread 3 ] DEBUG Engine               - version: 0.1
12:57:17.727 [FXGL Background Thread 3 ] DEBUG Engine               - versionCheckDays: 7
12:57:17.727 [FXGL Background Thread 3 ] DEBUG Engine               - width: 1280
12:57:17.727 [FXGL Background Thread 3 ] DEBUG Engine               - Logging services
12:57:17.727 [FXGL Background Thread 3 ] DEBUG Engine               - class com.almasb.fxgl.app.services.FXGLAssetLoaderService
12:57:17.727 [FXGL Background Thread 3 ] DEBUG Engine               - class com.almasb.fxgl.app.FXGLApplication$GameApplicationService
12:57:17.727 [FXGL Background Thread 3 ] DEBUG Engine               - class com.almasb.fxgl.app.services.FXGLDialogService
12:57:17.727 [FXGL Background Thread 3 ] DEBUG Engine               - class com.almasb.fxgl.app.services.IOTaskExecutorService
12:57:17.727 [FXGL Background Thread 3 ] DEBUG Engine               - class com.almasb.fxgl.io.FileSystemService
12:57:17.727 [FXGL Background Thread 3 ] DEBUG Engine               - class com.almasb.fxgl.localization.LocalizationService
12:57:17.727 [FXGL Background Thread 3 ] DEBUG Engine               - class com.almasb.fxgl.app.services.SystemBundleService
12:57:17.727 [FXGL Background Thread 3 ] DEBUG Engine               - class com.almasb.fxgl.profile.SaveLoadService
12:57:17.727 [FXGL Background Thread 3 ] DEBUG Engine               - class com.almasb.fxgl.ui.FXGLUIFactoryServiceProvider
12:57:17.728 [FXGL Background Thread 3 ] DEBUG Engine               - class com.almasb.fxgl.ui.FXGLDialogFactoryServiceProvider
12:57:17.728 [FXGL Background Thread 3 ] DEBUG Engine               - class com.almasb.fxgl.audio.AudioPlayer
12:57:17.728 [FXGL Background Thread 3 ] DEBUG Engine               - class com.almasb.fxgl.notification.impl.NotificationServiceProvider
12:57:17.728 [FXGL Background Thread 3 ] DEBUG Engine               - class com.almasb.fxgl.achievement.AchievementService
12:57:17.728 [FXGL Background Thread 3 ] DEBUG Engine               - class com.almasb.fxgl.cutscene.CutsceneService
12:57:17.728 [FXGL Background Thread 3 ] DEBUG Engine               - class com.almasb.fxgl.minigames.MiniGameService
12:57:17.728 [FXGL Background Thread 3 ] DEBUG Engine               - class com.almasb.fxgl.net.NetService
12:57:17.728 [FXGL Background Thread 3 ] DEBUG Engine               - class com.almasb.fxgl.app.services.UpdaterService
12:57:17.728 [FXGL Background Thread 3 ] DEBUG Engine               - class com.almasb.fxgl.dev.DevService
12:57:26.292 [JavaFX Application Thread] DEBUG Menu                 - fireNewGame()
12:57:26.292 [JavaFX Application Thread] DEBUG GameApplicationServi - Starting new game
12:57:26.292 [JavaFX Application Thread] DEBUG PrimaryStageWindow   - Pop state: MainMenu
12:57:26.292 [JavaFX Application Thread] DEBUG Input                - Clearing active input actions
12:57:26.293 [JavaFX Application Thread] DEBUG GameApplicationServi - Removing overlay from MainMenu and adding to FXGLMainMenuDummyScene
12:57:26.293 [JavaFX Application Thread] DEBUG PrimaryStageWindow   - FXGLMainMenuDummyScene <- MainMenu
12:57:26.293 [JavaFX Application Thread] DEBUG Input                - Clearing active input actions
12:57:26.297 [JavaFX Application Thread] DEBUG GameApplicationServi - Removing overlay from FXGLMainMenuDummyScene and adding to FXGLLoadingScene
12:57:26.297 [JavaFX Application Thread] DEBUG PrimaryStageWindow   - FXGLMainMenuDummyScene -> FXGLLoadingScene
12:57:26.297 [JavaFX Application Thread] DEBUG GameApplicationServi - Clearing previous game
12:57:26.297 [JavaFX Application Thread] DEBUG GameScene            - Clearing game scene
12:57:26.297 [JavaFX Application Thread] DEBUG GameWorld            - Clearing game world
12:57:26.297 [JavaFX Application Thread] DEBUG PhysicsWorld         - Clearing physics world
12:57:26.298 [FXGL Background Thread 2 ] DEBUG FXGLApplication      - Initializing game
12:57:26.299 [FXGL Background Thread 2 ] DEBUG FXGLAssetLoaderServi - Loading from file system: file:/C:/Users/hp/Desktop/Java_game/SpaceShipFights/target/classes/assets/music/bgm.mp3
12:57:26.432 [FXGL Background Thread 2 ] DEBUG AudioPlayer          - Playing music com.almasb.fxgl.audio.Music@40496232
12:57:26.452 [FXGL Background Thread 2 ] DEBUG FXGLAssetLoaderServi - Loading from file system: file:/C:/Users/hp/Desktop/Java_game/SpaceShipFights/target/classes/assets/textures/fighter.png
12:57:26.498 [FXGL Background Thread 2 ] DEBUG FXGLAssetLoaderServi - Loading from file system: file:/C:/Users/hp/Desktop/Java_game/SpaceShipFights/target/classes/assets/textures/life.png
12:57:26.501 [FXGL Background Thread 2 ] INFO  FXGLApplication      - Game initialization took: 0,203 sec
12:57:26.504 [JavaFX Application Thread] DEBUG Input                - Clearing active input actions
12:57:26.514 [JavaFX Application Thread] DEBUG GameApplicationServi - Removing overlay from FXGLLoadingScene and adding to GameScene
12:57:26.515 [JavaFX Application Thread] DEBUG PrimaryStageWindow   - FXGLLoadingScene -> GameScene
12:57:32.017 [JavaFX Application Thread] DEBUG FXGLAssetLoaderServi - Loading from file system: file:/C:/Users/hp/Desktop/Java_game/SpaceShipFights/target/classes/assets/textures/bullet.png
12:57:32.432 [JavaFX Application Thread] DEBUG FXGLAssetLoaderServi - Loading from file system: file:/C:/Users/hp/Desktop/Java_game/SpaceShipFights/target/classes/assets/textures/instructor_2.png
12:57:52.612 [JavaFX Application Thread] DEBUG FXGLAssetLoaderServi - Loading from file system: file:/C:/Users/hp/Desktop/Java_game/SpaceShipFights/target/classes/assets/sounds/level.wav
12:57:54.084 [JavaFX Application Thread] DEBUG FXGLAssetLoaderServi - Loading from file system: file:/C:/Users/hp/Desktop/Java_game/SpaceShipFights/target/classes/assets/textures/enemy2.png
12:57:54.400 [JavaFX Application Thread] DEBUG FXGLAssetLoaderServi - Loading from file system: file:/C:/Users/hp/Desktop/Java_game/SpaceShipFights/target/classes/assets/textures/enemy1.png
12:57:55.136 [JavaFX Application Thread] DEBUG FXGLAssetLoaderServi - Loading from file system: file:/C:/Users/hp/Desktop/Java_game/SpaceShipFights/target/classes/assets/textures/enemy3.png
12:57:56.127 [JavaFX Application Thread] DEBUG FXGLAssetLoaderServi - Loading from file system: file:/C:/Users/hp/Desktop/Java_game/SpaceShipFights/target/classes/assets/textures/enemy_bullet.png
12:57:56.130 [JavaFX Application Thread] DEBUG FXGLAssetLoaderServi - Loading from file system: file:/C:/Users/hp/Desktop/Java_game/SpaceShipFights/target/classes/assets/sounds/shoot3.wav
12:57:56.384 [JavaFX Application Thread] DEBUG FXGLAssetLoaderServi - Loading from file system: file:/C:/Users/hp/Desktop/Java_game/SpaceShipFights/target/classes/assets/sounds/shoot1.wav
12:57:56.872 [JavaFX Application Thread] DEBUG FXGLAssetLoaderServi - Loading from file system: file:/C:/Users/hp/Desktop/Java_game/SpaceShipFights/target/classes/assets/sounds/shoot2.wav
12:58:01.217 [JavaFX Application Thread] DEBUG FXGLAssetLoaderServi - Loading from file system: file:/C:/Users/hp/Desktop/Java_game/SpaceShipFights/target/classes/assets/sounds/shoot4.wav
12:58:13.169 [JavaFX Application Thread] DEBUG FXGLAssetLoaderServi - Loading from file system: file:/C:/Users/hp/Desktop/Java_game/SpaceShipFights/target/classes/assets/sounds/explosion.wav
12:58:13.186 [JavaFX Application Thread] DEBUG FXGLAssetLoaderServi - Loading from file system: file:/C:/Users/hp/Desktop/Java_game/SpaceShipFights/target/classes/assets/textures/explosion.png
12:59:45.384 [JavaFX Application Thread] DEBUG FXGLApplication      - Exiting FXGL
12:59:45.384 [JavaFX Application Thread] DEBUG LoopRunner           - Stopping loop
12:59:45.384 [JavaFX Application Thread] DEBUG SystemBundleService  - Saving FXGL system data
12:59:45.387 [JavaFX Application Thread] DEBUG FileSystemAccess     - Writing to: C:\Users\hp\Desktop\Java_game\system\fxgl.bundle
12:59:45.389 [JavaFX Application Thread] DEBUG Async                - Shutting down background threads
12:59:45.389 [JavaFX Application Thread] DEBUG PrimaryStageWindow   - Closing main window
12:59:45.403 [JavaFX Application Thread] DEBUG Logger               - Closing Logger
