13:10:41.201 [main                     ] DEBUG Logger               - Configured Logger
13:10:41.205 [main                     ] DEBUG GameApplication      - Logging settings
Title: Shooter
Version: 0.1
Width: 1280
Height: 720
Fullscreen: true
Intro: false
Profiling: false
Single step:false
App Mode: DEVELOPER
Menu Key: ESCAPE
Stage Style: DECORATED
Scene Factory: class com.aen.spaceship_fights.MySceneFactory

13:10:41.597 [JavaFX Application Thread] DEBUG FXGLApplication      - Initializing FXGL
13:10:41.601 [JavaFX Application Thread] INFO  Engine               - FXGL-21.1 (27.03.2024 07.52) on WINDOWS (J:24 FX:22.0.1)
13:10:41.601 [JavaFX Application Thread] DEBUG Engine               - JRE Vendor Name: Oracle Corporation
13:10:41.601 [JavaFX Application Thread] DEBUG Engine               - Running on OS: Windows 11 version 10.0
13:10:41.601 [JavaFX Application Thread] DEBUG Engine               - Architecture: amd64
13:10:41.601 [JavaFX Application Thread] INFO  Engine               - Source code and latest versions at: https://github.com/AlmasB/FXGL
13:10:41.601 [JavaFX Application Thread] INFO  Engine               -       Ask questions and discuss at: https://github.com/AlmasB/FXGL/discussions
13:10:41.601 [JavaFX Application Thread] INFO  Engine               -              Join the FXGL chat at: https://gitter.im/AlmasB/FXGL
13:10:41.698 [JavaFX Application Thread] DEBUG PrimaryStageWindow   - Creating a JavaFX scene
13:10:41.745 [JavaFX Application Thread] DEBUG PrimaryStageWindow   - Target settings size: 1280.0 x 720.0
13:10:41.746 [JavaFX Application Thread] DEBUG PrimaryStageWindow   - Scaled scene size:    1280.0 x 720.0
13:10:41.746 [JavaFX Application Thread] DEBUG PrimaryStageWindow   - Scaled ratio: (1.0, 1.0)
13:10:41.747 [JavaFX Application Thread] DEBUG PrimaryStageWindow   - Set initial scene to FXGLStartupScene
13:10:41.750 [JavaFX Application Thread] DEBUG PrimaryStageWindow   - Opening main window
13:10:42.049 [JavaFX Application Thread] DEBUG PrimaryStageWindow   - Window border size: (14.4000244140625, 37.5999755859375)
13:10:42.049 [JavaFX Application Thread] DEBUG PrimaryStageWindow   - Scaled size: 1280.0 x 720.0
13:10:42.049 [JavaFX Application Thread] DEBUG PrimaryStageWindow   - Scaled ratio: (1.0, 1.0)
13:10:42.049 [JavaFX Application Thread] DEBUG PrimaryStageWindow   - Scene size: 1280.0 x 720.0
13:10:42.050 [JavaFX Application Thread] DEBUG PrimaryStageWindow   - Stage size: 1294.4000244140625 x 757.5999755859375
13:10:42.056 [FXGL Background Thread 1 ] DEBUG Engine               - Initializing environment variables
13:10:42.105 [FXGL Background Thread 1 ] DEBUG FXGLAssetLoaderServi - User app class for loading assets: class com.aen.spaceship_fights.SpaceShipFightsApp1
13:10:42.105 [FXGL Background Thread 1 ] DEBUG GameApplicationServi - Applying CSS: fxgl_dark.css
13:10:42.106 [FXGL Background Thread 1 ] DEBUG FXGLAssetLoaderServi - Loading from file system: jar:file:/C:/Users/hp/.m2/repository/com/github/almasb/fxgl/21.1/fxgl-21.1.jar!/fxglassets/ui/css/fxgl_dark.css
13:10:42.158 [FXGL Background Thread 1 ] DEBUG GameApplicationServi - Initializing application scenes
13:10:42.195 [FXGL Background Thread 1 ] DEBUG GameWorld            - Game world initialized
13:10:42.244 [FXGL Background Thread 1 ] DEBUG PhysicsWorld         - Physics world initialized: appHeight=720, physics.ppm=50,0
13:10:42.244 [FXGL Background Thread 1 ] DEBUG PhysicsWorld         - Using strategy: BRUTE_FORCE
13:10:42.248 [FXGL Background Thread 1 ] DEBUG GameScene            - Game scene initialized: 1280x720
13:10:42.341 [FXGL Background Thread 1 ] DEBUG GameApplicationServi - Application scenes initialized
13:10:42.350 [FXGL Background Thread 1 ] DEBUG SystemBundleService  - Loading FXGL system data
13:10:42.353 [FXGL Background Thread 1 ] DEBUG FileSystemAccess     - Reading from: C:\Users\hp\Desktop\Java_game\system\fxgl.bundle
13:10:42.356 [FXGL Background Thread 1 ] DEBUG SystemBundleService  - Bundle FXGL: {}
13:10:42.356 [FXGL Background Thread 1 ] DEBUG UpdaterService       - Checking for updates
13:10:42.360 [FXGL Background Thread 4 ] DEBUG FXGLApplication      - Loading fonts
13:10:42.360 [FXGL Background Thread 4 ] DEBUG FXGLAssetLoaderServi - Loading from file system: jar:file:/C:/Users/hp/.m2/repository/com/github/almasb/fxgl/21.1/fxgl-21.1.jar!/fxglassets/ui/fonts/VarelaRound-Regular.ttf
13:10:42.361 [FXGL Background Thread 1 ] DEBUG FXGLApplication      - Loading default localization
13:10:42.361 [FXGL Background Thread 1 ] DEBUG FXGLAssetLoaderServi - Loading from file system: jar:file:/C:/Users/hp/.m2/repository/com/github/almasb/fxgl/21.1/fxgl-21.1.jar!/fxglassets/languages/english.lang
13:10:42.376 [FXGL Background Thread 4 ] DEBUG FXGLAssetLoaderServi - Loading from file system: jar:file:/C:/Users/hp/.m2/repository/com/github/almasb/fxgl/21.1/fxgl-21.1.jar!/fxglassets/ui/fonts/Abel-Regular.ttf
13:10:42.389 [FXGL Background Thread 1 ] INFO  FXGLApplication      - FXGL initialization took: 0,333 sec
13:10:42.389 [FXGL Background Thread 4 ] DEBUG FXGLAssetLoaderServi - Loading from file system: jar:file:/C:/Users/hp/.m2/repository/com/github/almasb/fxgl/21.1/fxgl-21.1.jar!/fxglassets/ui/fonts/TerminalLandMono-Regular.otf
13:10:42.399 [JavaFX Application Thread] DEBUG Input                - Registered new binding: action0 - A
13:10:42.400 [JavaFX Application Thread] DEBUG Input                - Registered new binding: action1 - D
13:10:42.400 [JavaFX Application Thread] DEBUG Input                - Registered new binding: action2 - W
13:10:42.401 [JavaFX Application Thread] DEBUG Input                - Registered new binding: action3 - F
13:10:42.401 [JavaFX Application Thread] DEBUG Input                - Registered new binding: action4 - P
13:10:42.402 [JavaFX Application Thread] DEBUG Input                - Registered new binding: action5 - R
13:10:42.402 [JavaFX Application Thread] DEBUG Input                - Registered new binding: action6 - M
13:10:42.402 [JavaFX Application Thread] DEBUG FXGLAssetLoaderServi - Loading from file system: jar:file:/C:/Users/hp/.m2/repository/com/github/almasb/fxgl/21.1/fxgl-21.1.jar!/fxglassets/textures/fxgl_icon.png
13:10:42.403 [FXGL Background Thread 4 ] DEBUG FXGLAssetLoaderServi - Loading from file system: jar:file:/C:/Users/hp/.m2/repository/com/github/almasb/fxgl/21.1/fxgl-21.1.jar!/fxglassets/ui/fonts/Courier-Prime.ttf
13:10:42.453 [JavaFX Application Thread] DEBUG FXGLAssetLoaderServi - Loading from file system: jar:file:/C:/Users/hp/.m2/repository/com/github/almasb/fxgl/21.1/fxgl-21.1.jar!/fxglassets/textures/fxgl_default_cursor.png
13:10:42.456 [JavaFX Application Thread] DEBUG Input                - Registered new binding: Screenshot - CTRL+8
13:10:42.456 [JavaFX Application Thread] DEBUG Input                - Registered new binding: System info dump - CTRL+9
13:10:42.457 [JavaFX Application Thread] DEBUG Input                - Registered new binding: Restart - CTRL+R
13:10:42.458 [JavaFX Application Thread] DEBUG Input                - Registered new binding: Toggle Debug Camera - CTRL+7
13:10:42.461 [JavaFX Application Thread] DEBUG LoopRunner           - Starting loop
13:10:42.461 [JavaFX Application Thread] DEBUG LoopRunner           - Initializing JavaFX AnimationTimerLoop
13:10:42.464 [JavaFX Application Thread] DEBUG Input                - Clearing active input actions
13:10:42.473 [JavaFX Application Thread] DEBUG GameApplicationServi - Removing overlay from FXGLStartupScene and adding to FXGLMainMenuDummyScene
13:10:42.474 [JavaFX Application Thread] DEBUG PrimaryStageWindow   - FXGLStartupScene -> FXGLMainMenuDummyScene
13:10:42.474 [JavaFX Application Thread] DEBUG PrimaryStageWindow   - Push state: MainMenu
13:10:42.474 [JavaFX Application Thread] DEBUG Input                - Clearing active input actions
13:10:42.486 [JavaFX Application Thread] DEBUG GameApplicationServi - Removing overlay from FXGLMainMenuDummyScene and adding to MainMenu
13:10:42.487 [JavaFX Application Thread] DEBUG PrimaryStageWindow   - FXGLMainMenuDummyScene -> MainMenu
13:10:42.507 [JavaFX Application Thread] DEBUG FXGLApplication      - Registering font factories with UI factory
13:10:45.359 [FXGL Background Thread 3 ] DEBUG Engine               - Logging environment variables
13:10:45.359 [FXGL Background Thread 3 ] DEBUG Engine               - achievements: []
13:10:45.359 [FXGL Background Thread 3 ] DEBUG Engine               - actualHeight: 720.0
13:10:45.359 [FXGL Background Thread 3 ] DEBUG Engine               - actualHeightProperty: ReadOnlyDoubleProperty [value: 720.0]
13:10:45.359 [FXGL Background Thread 3 ] DEBUG Engine               - actualWidth: 1280.0
13:10:45.359 [FXGL Background Thread 3 ] DEBUG Engine               - actualWidthProperty: ReadOnlyDoubleProperty [value: 1280.0]
13:10:45.359 [FXGL Background Thread 3 ] DEBUG Engine               - appIcon: fxgl_icon.png
13:10:45.359 [FXGL Background Thread 3 ] DEBUG Engine               - applicationMode: DEVELOPER
13:10:45.359 [FXGL Background Thread 3 ] DEBUG Engine               - cSSList: [fxgl_dark.css]
13:10:45.359 [FXGL Background Thread 3 ] DEBUG Engine               - collisionDetectionStrategy: BRUTE_FORCE
13:10:45.359 [FXGL Background Thread 3 ] DEBUG Engine               - configClass: Optional.empty
13:10:45.359 [FXGL Background Thread 3 ] DEBUG Engine               - credits: [Nyirenda Amos, Ouedraogo Luther Arthur, Magne Lidivine Merveille]
13:10:45.361 [FXGL Background Thread 3 ] DEBUG Engine               - defaultCursor: CursorInfo(imageName=fxgl_default_cursor.png, hotspotX=7.0, hotspotY=6.0)
13:10:45.361 [FXGL Background Thread 3 ] DEBUG Engine               - devBBoxColorProperty: ObjectProperty [value: 0xff0000ff]
13:10:45.361 [FXGL Background Thread 3 ] DEBUG Engine               - devEnableDebugCameraProperty: BooleanProperty [value: false]
13:10:45.361 [FXGL Background Thread 3 ] DEBUG Engine               - devSensorColorProperty: ObjectProperty [value: 0xffff00ff]
13:10:45.361 [FXGL Background Thread 3 ] DEBUG Engine               - devShowBBoxProperty: BooleanProperty [value: false]
13:10:45.361 [FXGL Background Thread 3 ] DEBUG Engine               - devShowPositionProperty: BooleanProperty [value: false]
13:10:45.362 [FXGL Background Thread 3 ] DEBUG Engine               - enabledMenuItems: []
13:10:45.362 [FXGL Background Thread 3 ] DEBUG Engine               - engineServices: [class com.almasb.fxgl.app.services.FXGLAssetLoaderService, class com.almasb.fxgl.app.FXGLApplication$GameApplicationService, class com.almasb.fxgl.app.services.FXGLDialogService, class com.almasb.fxgl.app.services.IOTaskExecutorService, class com.almasb.fxgl.io.FileSystemService, class com.almasb.fxgl.localization.LocalizationService, class com.almasb.fxgl.app.services.SystemBundleService, class com.almasb.fxgl.profile.SaveLoadService, class com.almasb.fxgl.ui.FXGLUIFactoryServiceProvider, class com.almasb.fxgl.ui.FXGLDialogFactoryServiceProvider, class com.almasb.fxgl.audio.AudioPlayer, class com.almasb.fxgl.notification.impl.NotificationServiceProvider, class com.almasb.fxgl.achievement.AchievementService, class com.almasb.fxgl.cutscene.CutsceneService, class com.almasb.fxgl.minigames.MiniGameService, class com.almasb.fxgl.net.NetService, class com.almasb.fxgl.app.services.UpdaterService, class com.almasb.fxgl.dev.DevService]
13:10:45.362 [FXGL Background Thread 3 ] DEBUG Engine               - fontGame: Abel-Regular.ttf
13:10:45.362 [FXGL Background Thread 3 ] DEBUG Engine               - fontMono: TerminalLandMono-Regular.otf
13:10:45.362 [FXGL Background Thread 3 ] DEBUG Engine               - fontSizeScaleUI: 1.0
13:10:45.362 [FXGL Background Thread 3 ] DEBUG Engine               - fontText: Courier-Prime.ttf
13:10:45.362 [FXGL Background Thread 3 ] DEBUG Engine               - fontUI: VarelaRound-Regular.ttf
13:10:45.362 [FXGL Background Thread 3 ] DEBUG Engine               - fullScreen: BooleanProperty [value: false]
13:10:45.362 [FXGL Background Thread 3 ] DEBUG Engine               - gameDifficulty: MEDIUM
13:10:45.362 [FXGL Background Thread 3 ] DEBUG Engine               - gameDifficultyProperty: ObjectProperty [value: MEDIUM]
13:10:45.362 [FXGL Background Thread 3 ] DEBUG Engine               - globalMusicVolume: 0.5
13:10:45.362 [FXGL Background Thread 3 ] DEBUG Engine               - globalMusicVolumeProperty: DoubleProperty [value: 0.5]
13:10:45.362 [FXGL Background Thread 3 ] DEBUG Engine               - globalSoundVolume: 0.5
13:10:45.362 [FXGL Background Thread 3 ] DEBUG Engine               - globalSoundVolumeProperty: DoubleProperty [value: 0.5]
13:10:45.362 [FXGL Background Thread 3 ] DEBUG Engine               - height: 720
13:10:45.362 [FXGL Background Thread 3 ] DEBUG Engine               - is3D: false
13:10:45.362 [FXGL Background Thread 3 ] DEBUG Engine               - isAndroid: false
13:10:45.362 [FXGL Background Thread 3 ] DEBUG Engine               - isBrowser: false
13:10:45.362 [FXGL Background Thread 3 ] DEBUG Engine               - isClickFeedbackEnabled: false
13:10:45.362 [FXGL Background Thread 3 ] DEBUG Engine               - isCloseConfirmation: false
13:10:45.362 [FXGL Background Thread 3 ] DEBUG Engine               - isDesktop: true
13:10:45.362 [FXGL Background Thread 3 ] DEBUG Engine               - isDeveloperMenuEnabled: false
13:10:45.362 [FXGL Background Thread 3 ] DEBUG Engine               - isEmbedded: false
13:10:45.362 [FXGL Background Thread 3 ] DEBUG Engine               - isEntityPreloadEnabled: true
13:10:45.362 [FXGL Background Thread 3 ] DEBUG Engine               - isExperimentalTiledLargeMap: false
13:10:45.362 [FXGL Background Thread 3 ] DEBUG Engine               - isFileSystemWriteAllowed: true
13:10:45.362 [FXGL Background Thread 3 ] DEBUG Engine               - isFullScreenAllowed: true
13:10:45.362 [FXGL Background Thread 3 ] DEBUG Engine               - isFullScreenFromStart: false
13:10:45.362 [FXGL Background Thread 3 ] DEBUG Engine               - isGameMenuEnabled: true
13:10:45.362 [FXGL Background Thread 3 ] DEBUG Engine               - isIOS: false
13:10:45.362 [FXGL Background Thread 3 ] DEBUG Engine               - isIntroEnabled: false
13:10:45.362 [FXGL Background Thread 3 ] DEBUG Engine               - isLinux: false
13:10:45.362 [FXGL Background Thread 3 ] DEBUG Engine               - isMac: false
13:10:45.363 [FXGL Background Thread 3 ] DEBUG Engine               - isMainMenuEnabled: true
13:10:45.363 [FXGL Background Thread 3 ] DEBUG Engine               - isManualResizeEnabled: false
13:10:45.363 [FXGL Background Thread 3 ] DEBUG Engine               - isMobile: false
13:10:45.363 [FXGL Background Thread 3 ] DEBUG Engine               - isNative: false
13:10:45.363 [FXGL Background Thread 3 ] DEBUG Engine               - isPauseMusicWhenMinimized: true
13:10:45.363 [FXGL Background Thread 3 ] DEBUG Engine               - isPreserveResizeRatio: false
13:10:45.363 [FXGL Background Thread 3 ] DEBUG Engine               - isProfilingEnabled: false
13:10:45.363 [FXGL Background Thread 3 ] DEBUG Engine               - isScaleAffectedOnResize: true
13:10:45.363 [FXGL Background Thread 3 ] DEBUG Engine               - isSingleStep: false
13:10:45.363 [FXGL Background Thread 3 ] DEBUG Engine               - isUserProfileEnabled: false
13:10:45.363 [FXGL Background Thread 3 ] DEBUG Engine               - isWindows: true
13:10:45.363 [FXGL Background Thread 3 ] DEBUG Engine               - language: ObjectProperty [value: ENGLISH]
13:10:45.363 [FXGL Background Thread 3 ] DEBUG Engine               - menuKey: ESCAPE
13:10:45.363 [FXGL Background Thread 3 ] DEBUG Engine               - mouseSensitivity: 0.2
13:10:45.363 [FXGL Background Thread 3 ] DEBUG Engine               - notificationViewClass: class com.almasb.fxgl.notification.view.XboxNotificationView
13:10:45.363 [FXGL Background Thread 3 ] DEBUG Engine               - pixelsPerMeter: 50.0
13:10:45.363 [FXGL Background Thread 3 ] DEBUG Engine               - platform: WINDOWS
13:10:45.363 [FXGL Background Thread 3 ] DEBUG Engine               - prefHeightProperty: ReadOnlyDoubleProperty [value: 720.0]
13:10:45.363 [FXGL Background Thread 3 ] DEBUG Engine               - prefWidthProperty: ReadOnlyDoubleProperty [value: 1280.0]
13:10:45.363 [FXGL Background Thread 3 ] DEBUG Engine               - profileDir: profiles/
13:10:45.363 [FXGL Background Thread 3 ] DEBUG Engine               - profileName: StringProperty [value: DEFAULT]
13:10:45.363 [FXGL Background Thread 3 ] DEBUG Engine               - randomSeed: -1
13:10:45.363 [FXGL Background Thread 3 ] DEBUG Engine               - runtimeInfo: RuntimeInfo(platform=WINDOWS, version=21.1, build=27.03.2024 07.52)
13:10:45.363 [FXGL Background Thread 3 ] DEBUG Engine               - saveFileExt: sav
13:10:45.363 [FXGL Background Thread 3 ] DEBUG Engine               - scaledHeightProp$fxgl: DoubleProperty [bound, value: 720.0]
13:10:45.363 [FXGL Background Thread 3 ] DEBUG Engine               - scaledWidthProp$fxgl: DoubleProperty [bound, value: 1280.0]
13:10:45.363 [FXGL Background Thread 3 ] DEBUG Engine               - sceneFactory: com.aen.spaceship_fights.MySceneFactory@2b25dcc1
13:10:45.363 [FXGL Background Thread 3 ] DEBUG Engine               - secondsIn24h: 60
13:10:45.363 [FXGL Background Thread 3 ] DEBUG Engine               - soundMenuBack: menu/back.wav
13:10:45.363 [FXGL Background Thread 3 ] DEBUG Engine               - soundMenuPress: menu/press.wav
13:10:45.364 [FXGL Background Thread 3 ] DEBUG Engine               - soundMenuSelect: menu/select.wav
13:10:45.364 [FXGL Background Thread 3 ] DEBUG Engine               - soundNotification: core/notification.wav
13:10:45.364 [FXGL Background Thread 3 ] DEBUG Engine               - stageStyle: DECORATED
13:10:45.364 [FXGL Background Thread 3 ] DEBUG Engine               - supportedLanguages: [ENGLISH, FRENCH, GERMAN, HUNGARIAN, RUSSIAN]
13:10:45.364 [FXGL Background Thread 3 ] DEBUG Engine               - ticksPerSecond: -1
13:10:45.364 [FXGL Background Thread 3 ] DEBUG Engine               - title: Shooter
13:10:45.364 [FXGL Background Thread 3 ] DEBUG Engine               - urlGithub: https://github.com/AlmasB/FXGL
13:10:45.364 [FXGL Background Thread 3 ] DEBUG Engine               - urlLeaderboard: http://fxgl-top.herokuapp.com/
13:10:45.364 [FXGL Background Thread 3 ] DEBUG Engine               - urlPOM: https://raw.githubusercontent.com/AlmasB/FXGL/release/README.md
13:10:45.364 [FXGL Background Thread 3 ] DEBUG Engine               - userAppClass: class com.aen.spaceship_fights.SpaceShipFightsApp1
13:10:45.364 [FXGL Background Thread 3 ] DEBUG Engine               - version: 0.1
13:10:45.364 [FXGL Background Thread 3 ] DEBUG Engine               - versionCheckDays: 7
13:10:45.364 [FXGL Background Thread 3 ] DEBUG Engine               - width: 1280
13:10:45.364 [FXGL Background Thread 3 ] DEBUG Engine               - Logging services
13:10:45.364 [FXGL Background Thread 3 ] DEBUG Engine               - class com.almasb.fxgl.app.services.FXGLAssetLoaderService
13:10:45.364 [FXGL Background Thread 3 ] DEBUG Engine               - class com.almasb.fxgl.app.FXGLApplication$GameApplicationService
13:10:45.364 [FXGL Background Thread 3 ] DEBUG Engine               - class com.almasb.fxgl.app.services.FXGLDialogService
13:10:45.364 [FXGL Background Thread 3 ] DEBUG Engine               - class com.almasb.fxgl.app.services.IOTaskExecutorService
13:10:45.364 [FXGL Background Thread 3 ] DEBUG Engine               - class com.almasb.fxgl.io.FileSystemService
13:10:45.364 [FXGL Background Thread 3 ] DEBUG Engine               - class com.almasb.fxgl.localization.LocalizationService
13:10:45.364 [FXGL Background Thread 3 ] DEBUG Engine               - class com.almasb.fxgl.app.services.SystemBundleService
13:10:45.364 [FXGL Background Thread 3 ] DEBUG Engine               - class com.almasb.fxgl.profile.SaveLoadService
13:10:45.364 [FXGL Background Thread 3 ] DEBUG Engine               - class com.almasb.fxgl.ui.FXGLUIFactoryServiceProvider
13:10:45.364 [FXGL Background Thread 3 ] DEBUG Engine               - class com.almasb.fxgl.ui.FXGLDialogFactoryServiceProvider
13:10:45.364 [FXGL Background Thread 3 ] DEBUG Engine               - class com.almasb.fxgl.audio.AudioPlayer
13:10:45.364 [FXGL Background Thread 3 ] DEBUG Engine               - class com.almasb.fxgl.notification.impl.NotificationServiceProvider
13:10:45.364 [FXGL Background Thread 3 ] DEBUG Engine               - class com.almasb.fxgl.achievement.AchievementService
13:10:45.364 [FXGL Background Thread 3 ] DEBUG Engine               - class com.almasb.fxgl.cutscene.CutsceneService
13:10:45.364 [FXGL Background Thread 3 ] DEBUG Engine               - class com.almasb.fxgl.minigames.MiniGameService
13:10:45.364 [FXGL Background Thread 3 ] DEBUG Engine               - class com.almasb.fxgl.net.NetService
13:10:45.364 [FXGL Background Thread 3 ] DEBUG Engine               - class com.almasb.fxgl.app.services.UpdaterService
13:10:45.364 [FXGL Background Thread 3 ] DEBUG Engine               - class com.almasb.fxgl.dev.DevService
13:10:55.221 [JavaFX Application Thread] DEBUG Menu                 - fireNewGame()
13:10:55.221 [JavaFX Application Thread] DEBUG GameApplicationServi - Starting new game
13:10:55.221 [JavaFX Application Thread] DEBUG PrimaryStageWindow   - Pop state: MainMenu
13:10:55.222 [JavaFX Application Thread] DEBUG Input                - Clearing active input actions
13:10:55.223 [JavaFX Application Thread] DEBUG GameApplicationServi - Removing overlay from MainMenu and adding to FXGLMainMenuDummyScene
13:10:55.223 [JavaFX Application Thread] DEBUG PrimaryStageWindow   - FXGLMainMenuDummyScene <- MainMenu
13:10:55.224 [JavaFX Application Thread] DEBUG Input                - Clearing active input actions
13:10:55.230 [JavaFX Application Thread] DEBUG GameApplicationServi - Removing overlay from FXGLMainMenuDummyScene and adding to FXGLLoadingScene
13:10:55.230 [JavaFX Application Thread] DEBUG PrimaryStageWindow   - FXGLMainMenuDummyScene -> FXGLLoadingScene
13:10:55.230 [JavaFX Application Thread] DEBUG GameApplicationServi - Clearing previous game
13:10:55.230 [JavaFX Application Thread] DEBUG GameScene            - Clearing game scene
13:10:55.230 [JavaFX Application Thread] DEBUG GameWorld            - Clearing game world
13:10:55.230 [JavaFX Application Thread] DEBUG PhysicsWorld         - Clearing physics world
13:10:55.232 [FXGL Background Thread 2 ] DEBUG FXGLApplication      - Initializing game
13:10:55.233 [FXGL Background Thread 2 ] DEBUG FXGLAssetLoaderServi - Loading from file system: file:/C:/Users/hp/Desktop/Java_game/SpaceShipFights/target/classes/assets/music/bgm.mp3
13:10:55.315 [FXGL Background Thread 2 ] DEBUG AudioPlayer          - Playing music com.almasb.fxgl.audio.Music@57d545ac
13:10:55.326 [FXGL Background Thread 2 ] DEBUG FXGLAssetLoaderServi - Loading from file system: file:/C:/Users/hp/Desktop/Java_game/SpaceShipFights/target/classes/assets/textures/fighter.png
13:10:55.360 [FXGL Background Thread 2 ] DEBUG FXGLAssetLoaderServi - Loading from file system: file:/C:/Users/hp/Desktop/Java_game/SpaceShipFights/target/classes/assets/textures/life.png
13:10:55.362 [FXGL Background Thread 2 ] INFO  FXGLApplication      - Game initialization took: 0,131 sec
13:10:55.372 [JavaFX Application Thread] DEBUG Input                - Clearing active input actions
13:10:55.377 [JavaFX Application Thread] DEBUG GameApplicationServi - Removing overlay from FXGLLoadingScene and adding to GameScene
13:10:55.377 [JavaFX Application Thread] DEBUG PrimaryStageWindow   - FXGLLoadingScene -> GameScene
13:11:00.101 [JavaFX Application Thread] DEBUG FXGLApplication      - Exiting FXGL
13:11:00.101 [JavaFX Application Thread] DEBUG LoopRunner           - Stopping loop
13:11:00.101 [JavaFX Application Thread] DEBUG SystemBundleService  - Saving FXGL system data
13:11:00.103 [JavaFX Application Thread] DEBUG FileSystemAccess     - Writing to: C:\Users\hp\Desktop\Java_game\system\fxgl.bundle
13:11:00.104 [JavaFX Application Thread] DEBUG Async                - Shutting down background threads
13:11:00.104 [JavaFX Application Thread] DEBUG PrimaryStageWindow   - Closing main window
13:11:00.115 [JavaFX Application Thread] DEBUG Logger               - Closing Logger
