12:44:03.117 [main                     ] DEBUG Logger               - Configured Logger
12:44:03.123 [main                     ] DEBUG GameApplication      - Logging settings
Title: Shooter
Version: 0.1
Width: 1280
Height: 720
Fullscreen: true
Intro: false
Profiling: false
Single step:false
App Mode: DEVELOPER
Menu Key: ESCAPE
Stage Style: DECORATED
Scene Factory: class com.aen.spaceship_fights.MySceneFactory

12:44:03.608 [JavaFX Application Thread] DEBUG FXGLApplication      - Initializing FXGL
12:44:03.611 [JavaFX Application Thread] INFO  Engine               - FXGL-21.1 (27.03.2024 07.52) on WINDOWS (J:24 FX:22.0.1)
12:44:03.611 [JavaFX Application Thread] DEBUG Engine               - JRE Vendor Name: Oracle Corporation
12:44:03.612 [JavaFX Application Thread] DEBUG Engine               - Running on OS: Windows 11 version 10.0
12:44:03.612 [JavaFX Application Thread] DEBUG Engine               - Architecture: amd64
12:44:03.612 [JavaFX Application Thread] INFO  Engine               - Source code and latest versions at: https://github.com/AlmasB/FXGL
12:44:03.612 [JavaFX Application Thread] INFO  Engine               -       Ask questions and discuss at: https://github.com/AlmasB/FXGL/discussions
12:44:03.612 [JavaFX Application Thread] INFO  Engine               -              Join the FXGL chat at: https://gitter.im/AlmasB/FXGL
12:44:03.760 [JavaFX Application Thread] DEBUG PrimaryStageWindow   - Creating a JavaFX scene
12:44:03.817 [JavaFX Application Thread] DEBUG PrimaryStageWindow   - Target settings size: 1280.0 x 720.0
12:44:03.818 [JavaFX Application Thread] DEBUG PrimaryStageWindow   - Scaled scene size:    1280.0 x 720.0
12:44:03.818 [JavaFX Application Thread] DEBUG PrimaryStageWindow   - Scaled ratio: (1.0, 1.0)
12:44:03.819 [JavaFX Application Thread] DEBUG PrimaryStageWindow   - Set initial scene to FXGLStartupScene
12:44:03.825 [JavaFX Application Thread] DEBUG PrimaryStageWindow   - Opening main window
12:44:04.273 [JavaFX Application Thread] DEBUG PrimaryStageWindow   - Window border size: (14.4000244140625, 37.5999755859375)
12:44:04.273 [JavaFX Application Thread] DEBUG PrimaryStageWindow   - Scaled size: 1280.0 x 720.0
12:44:04.274 [JavaFX Application Thread] DEBUG PrimaryStageWindow   - Scaled ratio: (1.0, 1.0)
12:44:04.274 [JavaFX Application Thread] DEBUG PrimaryStageWindow   - Scene size: 1280.0 x 720.0
12:44:04.274 [JavaFX Application Thread] DEBUG PrimaryStageWindow   - Stage size: 1294.4000244140625 x 757.5999755859375
12:44:04.283 [FXGL Background Thread 1 ] DEBUG Engine               - Initializing environment variables
12:44:04.338 [FXGL Background Thread 1 ] DEBUG FXGLAssetLoaderServi - User app class for loading assets: class com.aen.spaceship_fights.SpaceShipFightsApp
12:44:04.338 [FXGL Background Thread 1 ] DEBUG GameApplicationServi - Applying CSS: fxgl_dark.css
12:44:04.339 [FXGL Background Thread 1 ] DEBUG FXGLAssetLoaderServi - Loading from file system: jar:file:/C:/Users/hp/.m2/repository/com/github/almasb/fxgl/21.1/fxgl-21.1.jar!/fxglassets/ui/css/fxgl_dark.css
12:44:04.399 [FXGL Background Thread 1 ] DEBUG GameApplicationServi - Initializing application scenes
12:44:04.444 [FXGL Background Thread 1 ] DEBUG GameWorld            - Game world initialized
12:44:04.517 [FXGL Background Thread 1 ] DEBUG PhysicsWorld         - Physics world initialized: appHeight=720, physics.ppm=50,0
12:44:04.518 [FXGL Background Thread 1 ] DEBUG PhysicsWorld         - Using strategy: BRUTE_FORCE
12:44:04.522 [FXGL Background Thread 1 ] DEBUG GameScene            - Game scene initialized: 1280x720
12:44:04.637 [FXGL Background Thread 1 ] DEBUG GameApplicationServi - Application scenes initialized
12:44:04.644 [FXGL Background Thread 1 ] DEBUG SystemBundleService  - Loading FXGL system data
12:44:04.646 [FXGL Background Thread 1 ] DEBUG FileSystemAccess     - Reading from: C:\Users\hp\Desktop\Java_game\system\fxgl.bundle
12:44:04.647 [FXGL Background Thread 1 ] DEBUG SystemBundleService  - Bundle FXGL: {}
12:44:04.647 [FXGL Background Thread 1 ] DEBUG UpdaterService       - Checking for updates
12:44:04.650 [FXGL Background Thread 4 ] DEBUG FXGLApplication      - Loading fonts
12:44:04.650 [FXGL Background Thread 4 ] DEBUG FXGLAssetLoaderServi - Loading from file system: jar:file:/C:/Users/hp/.m2/repository/com/github/almasb/fxgl/21.1/fxgl-21.1.jar!/fxglassets/ui/fonts/VarelaRound-Regular.ttf
12:44:04.651 [FXGL Background Thread 1 ] DEBUG FXGLApplication      - Loading default localization
12:44:04.651 [FXGL Background Thread 1 ] DEBUG FXGLAssetLoaderServi - Loading from file system: jar:file:/C:/Users/hp/.m2/repository/com/github/almasb/fxgl/21.1/fxgl-21.1.jar!/fxglassets/languages/english.lang
12:44:04.664 [FXGL Background Thread 4 ] DEBUG FXGLAssetLoaderServi - Loading from file system: jar:file:/C:/Users/hp/.m2/repository/com/github/almasb/fxgl/21.1/fxgl-21.1.jar!/fxglassets/ui/fonts/Abel-Regular.ttf
12:44:04.674 [FXGL Background Thread 1 ] INFO  FXGLApplication      - FXGL initialization took: 0,391 sec
12:44:04.680 [FXGL Background Thread 4 ] DEBUG FXGLAssetLoaderServi - Loading from file system: jar:file:/C:/Users/hp/.m2/repository/com/github/almasb/fxgl/21.1/fxgl-21.1.jar!/fxglassets/ui/fonts/TerminalLandMono-Regular.otf
12:44:04.683 [JavaFX Application Thread] DEBUG Input                - Registered new binding: action0 - A
12:44:04.684 [JavaFX Application Thread] DEBUG Input                - Registered new binding: action1 - D
12:44:04.684 [JavaFX Application Thread] DEBUG Input                - Registered new binding: action2 - W
12:44:04.685 [JavaFX Application Thread] DEBUG Input                - Registered new binding: action3 - F
12:44:04.686 [JavaFX Application Thread] DEBUG Input                - Registered new binding: action4 - P
12:44:04.686 [JavaFX Application Thread] DEBUG Input                - Registered new binding: action5 - R
12:44:04.686 [JavaFX Application Thread] DEBUG Input                - Registered new binding: action6 - M
12:44:04.686 [JavaFX Application Thread] DEBUG FXGLAssetLoaderServi - Loading from file system: jar:file:/C:/Users/hp/.m2/repository/com/github/almasb/fxgl/21.1/fxgl-21.1.jar!/fxglassets/textures/fxgl_icon.png
12:44:04.699 [FXGL Background Thread 4 ] DEBUG FXGLAssetLoaderServi - Loading from file system: jar:file:/C:/Users/hp/.m2/repository/com/github/almasb/fxgl/21.1/fxgl-21.1.jar!/fxglassets/ui/fonts/Courier-Prime.ttf
12:44:04.739 [JavaFX Application Thread] DEBUG FXGLAssetLoaderServi - Loading from file system: jar:file:/C:/Users/hp/.m2/repository/com/github/almasb/fxgl/21.1/fxgl-21.1.jar!/fxglassets/textures/fxgl_default_cursor.png
12:44:04.744 [JavaFX Application Thread] DEBUG Input                - Registered new binding: Screenshot - CTRL+8
12:44:04.744 [JavaFX Application Thread] DEBUG Input                - Registered new binding: System info dump - CTRL+9
12:44:04.745 [JavaFX Application Thread] DEBUG Input                - Registered new binding: Restart - CTRL+R
12:44:04.747 [JavaFX Application Thread] DEBUG Input                - Registered new binding: Toggle Debug Camera - CTRL+7
12:44:04.753 [JavaFX Application Thread] DEBUG LoopRunner           - Starting loop
12:44:04.753 [JavaFX Application Thread] DEBUG LoopRunner           - Initializing JavaFX AnimationTimerLoop
12:44:04.758 [JavaFX Application Thread] DEBUG Input                - Clearing active input actions
12:44:04.773 [JavaFX Application Thread] DEBUG GameApplicationServi - Removing overlay from FXGLStartupScene and adding to FXGLMainMenuDummyScene
12:44:04.774 [JavaFX Application Thread] DEBUG PrimaryStageWindow   - FXGLStartupScene -> FXGLMainMenuDummyScene
12:44:04.774 [JavaFX Application Thread] DEBUG PrimaryStageWindow   - Push state: MainMenu
12:44:04.775 [JavaFX Application Thread] DEBUG Input                - Clearing active input actions
12:44:04.792 [JavaFX Application Thread] DEBUG GameApplicationServi - Removing overlay from FXGLMainMenuDummyScene and adding to MainMenu
12:44:04.792 [JavaFX Application Thread] DEBUG PrimaryStageWindow   - FXGLMainMenuDummyScene -> MainMenu
12:44:04.793 [JavaFX Application Thread] DEBUG FXGLApplication      - Registering font factories with UI factory
12:44:07.650 [FXGL Background Thread 3 ] DEBUG Engine               - Logging environment variables
12:44:07.650 [FXGL Background Thread 3 ] DEBUG Engine               - achievements: []
12:44:07.650 [FXGL Background Thread 3 ] DEBUG Engine               - actualHeight: 720.0
12:44:07.650 [FXGL Background Thread 3 ] DEBUG Engine               - actualHeightProperty: ReadOnlyDoubleProperty [value: 720.0]
12:44:07.650 [FXGL Background Thread 3 ] DEBUG Engine               - actualWidth: 1280.0
12:44:07.650 [FXGL Background Thread 3 ] DEBUG Engine               - actualWidthProperty: ReadOnlyDoubleProperty [value: 1280.0]
12:44:07.650 [FXGL Background Thread 3 ] DEBUG Engine               - appIcon: fxgl_icon.png
12:44:07.650 [FXGL Background Thread 3 ] DEBUG Engine               - applicationMode: DEVELOPER
12:44:07.650 [FXGL Background Thread 3 ] DEBUG Engine               - cSSList: [fxgl_dark.css]
12:44:07.650 [FXGL Background Thread 3 ] DEBUG Engine               - collisionDetectionStrategy: BRUTE_FORCE
12:44:07.650 [FXGL Background Thread 3 ] DEBUG Engine               - configClass: Optional.empty
12:44:07.650 [FXGL Background Thread 3 ] DEBUG Engine               - credits: [Nyirenda Amos, Ouedraogo Luther Arthur, Magne Lidivine Merveille]
12:44:07.652 [FXGL Background Thread 3 ] DEBUG Engine               - defaultCursor: CursorInfo(imageName=fxgl_default_cursor.png, hotspotX=7.0, hotspotY=6.0)
12:44:07.652 [FXGL Background Thread 3 ] DEBUG Engine               - devBBoxColorProperty: ObjectProperty [value: 0xff0000ff]
12:44:07.652 [FXGL Background Thread 3 ] DEBUG Engine               - devEnableDebugCameraProperty: BooleanProperty [value: false]
12:44:07.652 [FXGL Background Thread 3 ] DEBUG Engine               - devSensorColorProperty: ObjectProperty [value: 0xffff00ff]
12:44:07.652 [FXGL Background Thread 3 ] DEBUG Engine               - devShowBBoxProperty: BooleanProperty [value: false]
12:44:07.652 [FXGL Background Thread 3 ] DEBUG Engine               - devShowPositionProperty: BooleanProperty [value: false]
12:44:07.652 [FXGL Background Thread 3 ] DEBUG Engine               - enabledMenuItems: []
12:44:07.652 [FXGL Background Thread 3 ] DEBUG Engine               - engineServices: [class com.almasb.fxgl.app.services.FXGLAssetLoaderService, class com.almasb.fxgl.app.FXGLApplication$GameApplicationService, class com.almasb.fxgl.app.services.FXGLDialogService, class com.almasb.fxgl.app.services.IOTaskExecutorService, class com.almasb.fxgl.io.FileSystemService, class com.almasb.fxgl.localization.LocalizationService, class com.almasb.fxgl.app.services.SystemBundleService, class com.almasb.fxgl.profile.SaveLoadService, class com.almasb.fxgl.ui.FXGLUIFactoryServiceProvider, class com.almasb.fxgl.ui.FXGLDialogFactoryServiceProvider, class com.almasb.fxgl.audio.AudioPlayer, class com.almasb.fxgl.notification.impl.NotificationServiceProvider, class com.almasb.fxgl.achievement.AchievementService, class com.almasb.fxgl.cutscene.CutsceneService, class com.almasb.fxgl.minigames.MiniGameService, class com.almasb.fxgl.net.NetService, class com.almasb.fxgl.app.services.UpdaterService, class com.almasb.fxgl.dev.DevService]
12:44:07.652 [FXGL Background Thread 3 ] DEBUG Engine               - fontGame: Abel-Regular.ttf
12:44:07.652 [FXGL Background Thread 3 ] DEBUG Engine               - fontMono: TerminalLandMono-Regular.otf
12:44:07.653 [FXGL Background Thread 3 ] DEBUG Engine               - fontSizeScaleUI: 1.0
12:44:07.653 [FXGL Background Thread 3 ] DEBUG Engine               - fontText: Courier-Prime.ttf
12:44:07.653 [FXGL Background Thread 3 ] DEBUG Engine               - fontUI: VarelaRound-Regular.ttf
12:44:07.653 [FXGL Background Thread 3 ] DEBUG Engine               - fullScreen: BooleanProperty [value: false]
12:44:07.653 [FXGL Background Thread 3 ] DEBUG Engine               - gameDifficulty: MEDIUM
12:44:07.653 [FXGL Background Thread 3 ] DEBUG Engine               - gameDifficultyProperty: ObjectProperty [value: MEDIUM]
12:44:07.653 [FXGL Background Thread 3 ] DEBUG Engine               - globalMusicVolume: 0.5
12:44:07.653 [FXGL Background Thread 3 ] DEBUG Engine               - globalMusicVolumeProperty: DoubleProperty [value: 0.5]
12:44:07.653 [FXGL Background Thread 3 ] DEBUG Engine               - globalSoundVolume: 0.5
12:44:07.653 [FXGL Background Thread 3 ] DEBUG Engine               - globalSoundVolumeProperty: DoubleProperty [value: 0.5]
12:44:07.653 [FXGL Background Thread 3 ] DEBUG Engine               - height: 720
12:44:07.653 [FXGL Background Thread 3 ] DEBUG Engine               - is3D: false
12:44:07.653 [FXGL Background Thread 3 ] DEBUG Engine               - isAndroid: false
12:44:07.653 [FXGL Background Thread 3 ] DEBUG Engine               - isBrowser: false
12:44:07.653 [FXGL Background Thread 3 ] DEBUG Engine               - isClickFeedbackEnabled: false
12:44:07.653 [FXGL Background Thread 3 ] DEBUG Engine               - isCloseConfirmation: false
12:44:07.653 [FXGL Background Thread 3 ] DEBUG Engine               - isDesktop: true
12:44:07.653 [FXGL Background Thread 3 ] DEBUG Engine               - isDeveloperMenuEnabled: false
12:44:07.653 [FXGL Background Thread 3 ] DEBUG Engine               - isEmbedded: false
12:44:07.653 [FXGL Background Thread 3 ] DEBUG Engine               - isEntityPreloadEnabled: true
12:44:07.653 [FXGL Background Thread 3 ] DEBUG Engine               - isExperimentalTiledLargeMap: false
12:44:07.653 [FXGL Background Thread 3 ] DEBUG Engine               - isFileSystemWriteAllowed: true
12:44:07.653 [FXGL Background Thread 3 ] DEBUG Engine               - isFullScreenAllowed: true
12:44:07.653 [FXGL Background Thread 3 ] DEBUG Engine               - isFullScreenFromStart: false
12:44:07.653 [FXGL Background Thread 3 ] DEBUG Engine               - isGameMenuEnabled: true
12:44:07.653 [FXGL Background Thread 3 ] DEBUG Engine               - isIOS: false
12:44:07.653 [FXGL Background Thread 3 ] DEBUG Engine               - isIntroEnabled: false
12:44:07.653 [FXGL Background Thread 3 ] DEBUG Engine               - isLinux: false
12:44:07.653 [FXGL Background Thread 3 ] DEBUG Engine               - isMac: false
12:44:07.653 [FXGL Background Thread 3 ] DEBUG Engine               - isMainMenuEnabled: true
12:44:07.653 [FXGL Background Thread 3 ] DEBUG Engine               - isManualResizeEnabled: false
12:44:07.653 [FXGL Background Thread 3 ] DEBUG Engine               - isMobile: false
12:44:07.653 [FXGL Background Thread 3 ] DEBUG Engine               - isNative: false
12:44:07.653 [FXGL Background Thread 3 ] DEBUG Engine               - isPauseMusicWhenMinimized: true
12:44:07.653 [FXGL Background Thread 3 ] DEBUG Engine               - isPreserveResizeRatio: false
12:44:07.654 [FXGL Background Thread 3 ] DEBUG Engine               - isProfilingEnabled: false
12:44:07.654 [FXGL Background Thread 3 ] DEBUG Engine               - isScaleAffectedOnResize: true
12:44:07.654 [FXGL Background Thread 3 ] DEBUG Engine               - isSingleStep: false
12:44:07.654 [FXGL Background Thread 3 ] DEBUG Engine               - isUserProfileEnabled: false
12:44:07.654 [FXGL Background Thread 3 ] DEBUG Engine               - isWindows: true
12:44:07.654 [FXGL Background Thread 3 ] DEBUG Engine               - language: ObjectProperty [value: ENGLISH]
12:44:07.654 [FXGL Background Thread 3 ] DEBUG Engine               - menuKey: ESCAPE
12:44:07.654 [FXGL Background Thread 3 ] DEBUG Engine               - mouseSensitivity: 0.2
12:44:07.654 [FXGL Background Thread 3 ] DEBUG Engine               - notificationViewClass: class com.almasb.fxgl.notification.view.XboxNotificationView
12:44:07.654 [FXGL Background Thread 3 ] DEBUG Engine               - pixelsPerMeter: 50.0
12:44:07.654 [FXGL Background Thread 3 ] DEBUG Engine               - platform: WINDOWS
12:44:07.654 [FXGL Background Thread 3 ] DEBUG Engine               - prefHeightProperty: ReadOnlyDoubleProperty [value: 720.0]
12:44:07.654 [FXGL Background Thread 3 ] DEBUG Engine               - prefWidthProperty: ReadOnlyDoubleProperty [value: 1280.0]
12:44:07.654 [FXGL Background Thread 3 ] DEBUG Engine               - profileDir: profiles/
12:44:07.654 [FXGL Background Thread 3 ] DEBUG Engine               - profileName: StringProperty [value: DEFAULT]
12:44:07.654 [FXGL Background Thread 3 ] DEBUG Engine               - randomSeed: -1
12:44:07.654 [FXGL Background Thread 3 ] DEBUG Engine               - runtimeInfo: RuntimeInfo(platform=WINDOWS, version=21.1, build=27.03.2024 07.52)
12:44:07.654 [FXGL Background Thread 3 ] DEBUG Engine               - saveFileExt: sav
12:44:07.654 [FXGL Background Thread 3 ] DEBUG Engine               - scaledHeightProp$fxgl: DoubleProperty [bound, value: 720.0]
12:44:07.654 [FXGL Background Thread 3 ] DEBUG Engine               - scaledWidthProp$fxgl: DoubleProperty [bound, value: 1280.0]
12:44:07.654 [FXGL Background Thread 3 ] DEBUG Engine               - sceneFactory: com.aen.spaceship_fights.MySceneFactory@724b25d
12:44:07.654 [FXGL Background Thread 3 ] DEBUG Engine               - secondsIn24h: 60
12:44:07.654 [FXGL Background Thread 3 ] DEBUG Engine               - soundMenuBack: menu/back.wav
12:44:07.654 [FXGL Background Thread 3 ] DEBUG Engine               - soundMenuPress: menu/press.wav
12:44:07.654 [FXGL Background Thread 3 ] DEBUG Engine               - soundMenuSelect: menu/select.wav
12:44:07.654 [FXGL Background Thread 3 ] DEBUG Engine               - soundNotification: core/notification.wav
12:44:07.654 [FXGL Background Thread 3 ] DEBUG Engine               - stageStyle: DECORATED
12:44:07.655 [FXGL Background Thread 3 ] DEBUG Engine               - supportedLanguages: [ENGLISH, FRENCH, GERMAN, HUNGARIAN, RUSSIAN]
12:44:07.655 [FXGL Background Thread 3 ] DEBUG Engine               - ticksPerSecond: -1
12:44:07.655 [FXGL Background Thread 3 ] DEBUG Engine               - title: Shooter
12:44:07.655 [FXGL Background Thread 3 ] DEBUG Engine               - urlGithub: https://github.com/AlmasB/FXGL
12:44:07.655 [FXGL Background Thread 3 ] DEBUG Engine               - urlLeaderboard: http://fxgl-top.herokuapp.com/
12:44:07.655 [FXGL Background Thread 3 ] DEBUG Engine               - urlPOM: https://raw.githubusercontent.com/AlmasB/FXGL/release/README.md
12:44:07.655 [FXGL Background Thread 3 ] DEBUG Engine               - userAppClass: class com.aen.spaceship_fights.SpaceShipFightsApp
12:44:07.655 [FXGL Background Thread 3 ] DEBUG Engine               - version: 0.1
12:44:07.655 [FXGL Background Thread 3 ] DEBUG Engine               - versionCheckDays: 7
12:44:07.655 [FXGL Background Thread 3 ] DEBUG Engine               - width: 1280
12:44:07.655 [FXGL Background Thread 3 ] DEBUG Engine               - Logging services
12:44:07.655 [FXGL Background Thread 3 ] DEBUG Engine               - class com.almasb.fxgl.app.services.FXGLAssetLoaderService
12:44:07.655 [FXGL Background Thread 3 ] DEBUG Engine               - class com.almasb.fxgl.app.FXGLApplication$GameApplicationService
12:44:07.655 [FXGL Background Thread 3 ] DEBUG Engine               - class com.almasb.fxgl.app.services.FXGLDialogService
12:44:07.655 [FXGL Background Thread 3 ] DEBUG Engine               - class com.almasb.fxgl.app.services.IOTaskExecutorService
12:44:07.655 [FXGL Background Thread 3 ] DEBUG Engine               - class com.almasb.fxgl.io.FileSystemService
12:44:07.655 [FXGL Background Thread 3 ] DEBUG Engine               - class com.almasb.fxgl.localization.LocalizationService
12:44:07.655 [FXGL Background Thread 3 ] DEBUG Engine               - class com.almasb.fxgl.app.services.SystemBundleService
12:44:07.655 [FXGL Background Thread 3 ] DEBUG Engine               - class com.almasb.fxgl.profile.SaveLoadService
12:44:07.655 [FXGL Background Thread 3 ] DEBUG Engine               - class com.almasb.fxgl.ui.FXGLUIFactoryServiceProvider
12:44:07.655 [FXGL Background Thread 3 ] DEBUG Engine               - class com.almasb.fxgl.ui.FXGLDialogFactoryServiceProvider
12:44:07.655 [FXGL Background Thread 3 ] DEBUG Engine               - class com.almasb.fxgl.audio.AudioPlayer
12:44:07.655 [FXGL Background Thread 3 ] DEBUG Engine               - class com.almasb.fxgl.notification.impl.NotificationServiceProvider
12:44:07.655 [FXGL Background Thread 3 ] DEBUG Engine               - class com.almasb.fxgl.achievement.AchievementService
12:44:07.655 [FXGL Background Thread 3 ] DEBUG Engine               - class com.almasb.fxgl.cutscene.CutsceneService
12:44:07.655 [FXGL Background Thread 3 ] DEBUG Engine               - class com.almasb.fxgl.minigames.MiniGameService
12:44:07.655 [FXGL Background Thread 3 ] DEBUG Engine               - class com.almasb.fxgl.net.NetService
12:44:07.655 [FXGL Background Thread 3 ] DEBUG Engine               - class com.almasb.fxgl.app.services.UpdaterService
12:44:07.655 [FXGL Background Thread 3 ] DEBUG Engine               - class com.almasb.fxgl.dev.DevService
12:45:02.374 [JavaFX Application Thread] DEBUG Menu                 - fireNewGame()
12:45:02.375 [JavaFX Application Thread] DEBUG GameApplicationServi - Starting new game
12:45:02.375 [JavaFX Application Thread] DEBUG PrimaryStageWindow   - Pop state: MainMenu
12:45:02.375 [JavaFX Application Thread] DEBUG Input                - Clearing active input actions
12:45:02.375 [JavaFX Application Thread] DEBUG GameApplicationServi - Removing overlay from MainMenu and adding to FXGLMainMenuDummyScene
12:45:02.375 [JavaFX Application Thread] DEBUG PrimaryStageWindow   - FXGLMainMenuDummyScene <- MainMenu
12:45:02.376 [JavaFX Application Thread] DEBUG Input                - Clearing active input actions
12:45:02.379 [JavaFX Application Thread] DEBUG GameApplicationServi - Removing overlay from FXGLMainMenuDummyScene and adding to FXGLLoadingScene
12:45:02.379 [JavaFX Application Thread] DEBUG PrimaryStageWindow   - FXGLMainMenuDummyScene -> FXGLLoadingScene
12:45:02.379 [JavaFX Application Thread] DEBUG GameApplicationServi - Clearing previous game
12:45:02.379 [JavaFX Application Thread] DEBUG GameScene            - Clearing game scene
12:45:02.379 [JavaFX Application Thread] DEBUG GameWorld            - Clearing game world
12:45:02.380 [JavaFX Application Thread] DEBUG PhysicsWorld         - Clearing physics world
12:45:02.381 [FXGL Background Thread 2 ] DEBUG FXGLApplication      - Initializing game
12:45:02.382 [FXGL Background Thread 2 ] DEBUG FXGLAssetLoaderServi - Loading from file system: file:/C:/Users/hp/Desktop/Java_game/SpaceShipFights/target/classes/assets/music/bgm.mp3
12:45:02.484 [FXGL Background Thread 2 ] DEBUG AudioPlayer          - Playing music com.almasb.fxgl.audio.Music@2fce678f
12:45:02.503 [FXGL Background Thread 2 ] DEBUG FXGLAssetLoaderServi - Loading from file system: file:/C:/Users/hp/Desktop/Java_game/SpaceShipFights/target/classes/assets/textures/DurrrSpaceShip.png
12:45:02.545 [FXGL Background Thread 2 ] DEBUG FXGLAssetLoaderServi - Loading from file system: file:/C:/Users/hp/Desktop/Java_game/SpaceShipFights/target/classes/assets/textures/life.png
12:45:02.549 [FXGL Background Thread 2 ] INFO  FXGLApplication      - Game initialization took: 0,168 sec
12:45:02.550 [JavaFX Application Thread] DEBUG Input                - Clearing active input actions
12:45:02.557 [JavaFX Application Thread] DEBUG GameApplicationServi - Removing overlay from FXGLLoadingScene and adding to GameScene
12:45:02.558 [JavaFX Application Thread] DEBUG PrimaryStageWindow   - FXGLLoadingScene -> GameScene
12:45:08.568 [JavaFX Application Thread] DEBUG FXGLAssetLoaderServi - Loading from file system: file:/C:/Users/hp/Desktop/Java_game/SpaceShipFights/target/classes/assets/textures/instructor_2.png
12:45:28.624 [JavaFX Application Thread] DEBUG FXGLAssetLoaderServi - Loading from file system: file:/C:/Users/hp/Desktop/Java_game/SpaceShipFights/target/classes/assets/sounds/level.wav
12:45:30.148 [JavaFX Application Thread] DEBUG FXGLAssetLoaderServi - Loading from file system: file:/C:/Users/hp/Desktop/Java_game/SpaceShipFights/target/classes/assets/textures/enemy3.png
12:45:30.491 [JavaFX Application Thread] DEBUG FXGLAssetLoaderServi - Loading from file system: file:/C:/Users/hp/Desktop/Java_game/SpaceShipFights/target/classes/assets/textures/enemy1.png
12:45:31.017 [JavaFX Application Thread] DEBUG FXGLAssetLoaderServi - Loading from file system: file:/C:/Users/hp/Desktop/Java_game/SpaceShipFights/target/classes/assets/textures/enemy2.png
12:45:33.224 [JavaFX Application Thread] DEBUG FXGLAssetLoaderServi - Loading from file system: file:/C:/Users/hp/Desktop/Java_game/SpaceShipFights/target/classes/assets/textures/enemy_bullet.png
12:45:33.226 [JavaFX Application Thread] DEBUG FXGLAssetLoaderServi - Loading from file system: file:/C:/Users/hp/Desktop/Java_game/SpaceShipFights/target/classes/assets/sounds/shoot2.wav
12:45:33.963 [JavaFX Application Thread] DEBUG FXGLAssetLoaderServi - Loading from file system: file:/C:/Users/hp/Desktop/Java_game/SpaceShipFights/target/classes/assets/sounds/shoot4.wav
12:45:34.715 [JavaFX Application Thread] DEBUG FXGLAssetLoaderServi - Loading from file system: file:/C:/Users/hp/Desktop/Java_game/SpaceShipFights/target/classes/assets/sounds/shoot1.wav
12:45:35.210 [JavaFX Application Thread] DEBUG FXGLAssetLoaderServi - Loading from file system: file:/C:/Users/hp/Desktop/Java_game/SpaceShipFights/target/classes/assets/sounds/shoot3.wav
12:45:43.539 [JavaFX Application Thread] DEBUG FXGLApplication      - Exiting FXGL
12:45:43.539 [JavaFX Application Thread] DEBUG LoopRunner           - Stopping loop
12:45:43.539 [JavaFX Application Thread] DEBUG SystemBundleService  - Saving FXGL system data
12:45:43.540 [JavaFX Application Thread] DEBUG FileSystemAccess     - Writing to: C:\Users\hp\Desktop\Java_game\system\fxgl.bundle
12:45:43.541 [JavaFX Application Thread] DEBUG Async                - Shutting down background threads
12:45:43.541 [JavaFX Application Thread] DEBUG PrimaryStageWindow   - Closing main window
12:45:43.552 [JavaFX Application Thread] DEBUG Logger               - Closing Logger
